TN:
SF:add.js
FN:1,add
FNF:1
FNH:1
FNDA:1,add
DA:2,1
DA:5,1
LF:2
LH:2
BRF:0
BRH:0
end_of_record
TN:
SF:anagram.js
FN:1,isAnagram
FN:6,formatStr
FNF:2
FNH:2
FNDA:3,isAnagram
FNDA:6,formatStr
DA:2,3
DA:7,6
DA:15,1
LF:3
LH:3
BRF:0
BRH:0
end_of_record
TN:
SF:chunk.js
FN:1,(anonymous_0)
FN:6,(anonymous_1)
FNF:2
FNH:2
FNDA:2,(anonymous_0)
FNDA:13,(anonymous_1)
DA:1,1
DA:3,2
DA:6,2
DA:8,13
DA:11,13
DA:12,8
DA:14,5
DA:18,2
DA:21,1
LF:9
LH:9
BRDA:11,0,0,8
BRDA:11,0,1,5
BRDA:11,1,0,13
BRDA:11,1,1,11
BRF:4
BRH:4
end_of_record
TN:
SF:functions.js
FN:4,(anonymous_0)
FN:5,(anonymous_1)
FN:6,(anonymous_2)
FN:7,(anonymous_3)
FN:12,(anonymous_4)
FN:13,(anonymous_5)
FN:14,(anonymous_6)
FNF:7
FNH:4
FNDA:2,(anonymous_0)
FNDA:1,(anonymous_1)
FNDA:2,(anonymous_2)
FNDA:1,(anonymous_3)
FNDA:0,(anonymous_4)
FNDA:0,(anonymous_5)
FNDA:0,(anonymous_6)
DA:1,1
DA:3,1
DA:4,2
DA:5,1
DA:6,2
DA:8,1
DA:9,1
DA:10,1
DA:12,0
DA:13,0
DA:14,0
DA:17,1
LF:12
LH:9
BRF:0
BRH:0
end_of_record
TN:
SF:reverseString.js
FN:1,(anonymous_0)
FNF:1
FNH:1
FNDA:2,(anonymous_0)
DA:1,1
DA:2,2
DA:8,1
LF:3
LH:3
BRF:0
BRH:0
end_of_record
TN:
SF:userObj.js
FNF:0
FNH:0
DA:1,1
DA:8,1
DA:10,1
LF:3
LH:3
BRF:0
BRH:0
end_of_record
TN:
SF:users.js
FN:3,(anonymous_0)
FN:4,(anonymous_1)
FN:5,(anonymous_2)
FN:6,(anonymous_3)
FN:21,(anonymous_4)
FN:22,(anonymous_5)
FN:23,(anonymous_6)
FN:24,(anonymous_7)
FN:39,(anonymous_8)
FN:40,(anonymous_9)
FN:41,(anonymous_10)
FN:42,(anonymous_11)
FNF:12
FNH:12
FNDA:4,(anonymous_0)
FNDA:4,(anonymous_1)
FNDA:4,(anonymous_2)
FNDA:9,(anonymous_3)
FNDA:4,(anonymous_4)
FNDA:4,(anonymous_5)
FNDA:4,(anonymous_6)
FNDA:9,(anonymous_7)
FNDA:4,(anonymous_8)
FNDA:4,(anonymous_9)
FNDA:3,(anonymous_10)
FNDA:6,(anonymous_11)
DA:1,1
DA:3,1
DA:4,4
DA:5,4
DA:6,9
DA:8,4
DA:9,1
DA:12,3
DA:21,1
DA:22,4
DA:23,4
DA:24,9
DA:26,4
DA:27,1
DA:30,3
DA:39,1
DA:40,4
DA:41,4
DA:42,6
DA:44,3
DA:45,0
DA:48,3
DA:57,1
LF:23
LH:22
BRDA:8,0,0,1
BRDA:8,0,1,3
BRDA:26,1,0,1
BRDA:26,1,1,3
BRDA:44,2,0,0
BRDA:44,2,1,3
BRF:6
BRH:5
end_of_record
TN:
SF:db\users.js
FNF:0
FNH:0
DA:1,1
DA:28,1
LF:2
LH:2
BRF:0
BRH:0
end_of_record
